--> Wrapper Started as Console
Launching a JVM...
Wrapper (Version 3.2.3) http://wrapper.tanukisoftware.org
  Copyright 1999-2006 Tanuki Software, Inc.  All Rights Reserved.

2016.10.08 16:06:16 INFO  app[o.s.a.AppFileSystem] Cleaning or creating temp directory D:\01_opensource\programmes\sonarqube-5.6.3\temp
2016.10.08 16:06:16 INFO  app[o.s.p.m.JavaProcessLauncher] Launch process[es]: C:\Program Files\Java\jdk1.8.0_66\jre\bin\java -Djava.awt.headless=true -Xmx1G -Xms256m -Xss256k -Djava.net.preferIPv4Stack=true -XX:+UseParNewGC -XX:+UseConcMarkSweepGC -XX:CMSInitiatingOccupancyFraction=75 -XX:+UseCMSInitiatingOccupancyOnly -XX:+HeapDumpOnOutOfMemoryError -Djava.io.tmpdir=D:\01_opensource\programmes\sonarqube-5.6.3\temp -javaagent:C:\Program Files\Java\jdk1.8.0_66\jre\lib\management-agent.jar -cp ./lib/common/*;./lib/search/* org.sonar.search.SearchServer D:\01_opensource\programmes\sonarqube-5.6.3\temp\sq-process9144290643947577680properties
2016.10.08 16:06:18 INFO   es[o.s.p.ProcessEntryPoint]  Starting es
2016.10.08 16:06:18 INFO   es[o.s.s.EsSettings]  Elasticsearch listening on 127.0.0.1:9001
2016.10.08 16:06:18 INFO   es[o.elasticsearch.node]  [sonar-1475913976091] version[1.7.5], pid[4412], build[00f95f4/2016-02-02T09:55:30Z]
2016.10.08 16:06:18 INFO   es[o.elasticsearch.node]  [sonar-1475913976091] initializing ...
2016.10.08 16:06:18 INFO   es[o.e.plugins]  [sonar-1475913976091] loaded [], sites []
2016.10.08 16:06:18 INFO   es[o.elasticsearch.env]  [sonar-1475913976091] using [1] data paths, mounts [[WORK (D:)]], net usable_space [37.5gb], net total_space [156gb], types [NTFS]
2016.10.08 16:06:20 WARN   es[o.e.bootstrap]  JNA not found. native methods will be disabled.
2016.10.08 16:06:20 INFO   es[o.elasticsearch.node]  [sonar-1475913976091] initialized
2016.10.08 16:06:20 INFO   es[o.elasticsearch.node]  [sonar-1475913976091] starting ...
2016.10.08 16:06:21 INFO   es[o.e.transport]  [sonar-1475913976091] bound_address {inet[/127.0.0.1:9001]}, publish_address {inet[/127.0.0.1:9001]}
2016.10.08 16:06:21 INFO   es[o.e.discovery]  [sonar-1475913976091] sonarqube/MM8JLVEOTBWUkSR5H02jPA
2016.10.08 16:06:24 INFO   es[o.e.cluster.service]  [sonar-1475913976091] new_master [sonar-1475913976091][MM8JLVEOTBWUkSR5H02jPA][Z_ZW-PC][inet[/127.0.0.1:9001]]{rack_id=sonar-1475913976091}, reason: zen-disco-join (elected_as_master)
2016.10.08 16:06:24 INFO   es[o.elasticsearch.node]  [sonar-1475913976091] started
2016.10.08 16:06:24 INFO   es[o.e.gateway]  [sonar-1475913976091] recovered [0] indices into cluster_state
2016.10.08 16:06:24 INFO  app[o.s.p.m.Monitor] Process[es] is up
2016.10.08 16:06:24 INFO  app[o.s.p.m.JavaProcessLauncher] Launch process[web]: C:\Program Files\Java\jdk1.8.0_66\jre\bin\java -Djava.awt.headless=true -Dfile.encoding=UTF-8 -Djruby.management.enabled=false -Djruby.compile.invokedynamic=false -Xmx512m -Xms128m -XX:+HeapDumpOnOutOfMemoryError -Djava.net.preferIPv4Stack=true -Djava.io.tmpdir=D:\01_opensource\programmes\sonarqube-5.6.3\temp -javaagent:C:\Program Files\Java\jdk1.8.0_66\jre\lib\management-agent.jar -cp ./lib/common/*;./lib/server/*;D:\01_opensource\programmes\sonarqube-5.6.3\lib\jdbc\h2\h2-1.3.176.jar org.sonar.server.app.WebServer D:\01_opensource\programmes\sonarqube-5.6.3\temp\sq-process4391848989506012258properties
2016.10.08 16:06:25 INFO  web[o.s.p.ProcessEntryPoint] Starting web
2016.10.08 16:06:25 INFO  web[o.s.s.a.TomcatContexts] Webapp directory: D:\01_opensource\programmes\sonarqube-5.6.3\web
2016.10.08 16:06:26 INFO  web[o.a.c.h.Http11NioProtocol] Initializing ProtocolHandler ["http-nio-0.0.0.0-8888"]
2016.10.08 16:06:26 INFO  web[o.a.t.u.n.NioSelectorPool] Using a shared selector for servlet write/read
2016.10.08 16:06:27 INFO  web[o.s.s.p.ServerImpl] SonarQube Server / 5.6.3 / 3fcc98a73d6afb99388e39f46272909a6d6600b2
2016.10.08 16:06:28 INFO  web[o.s.s.d.EmbeddedDatabase] Starting embedded database on port 9092 with url jdbc:h2:tcp://localhost:9092/sonar
2016.10.08 16:06:28 INFO  web[o.s.s.d.EmbeddedDatabase] Embedded database started. Data stored in: D:\01_opensource\programmes\sonarqube-5.6.3\data
2016.10.08 16:06:28 INFO  web[o.sonar.db.Database] Create JDBC data source for jdbc:h2:tcp://localhost:9092/sonar
2016.10.08 16:06:29 WARN  web[o.s.d.DatabaseChecker] H2 database should be used for evaluation purpose only
2016.10.08 16:06:30 INFO  web[o.s.s.p.DefaultServerFileSystem] SonarQube home: D:\01_opensource\programmes\sonarqube-5.6.3
2016.10.08 16:06:30 INFO  web[o.e.plugins] [sonar-1475913976091] loaded [], sites []
2016.10.08 16:06:31 INFO  web[o.s.s.p.ServerPluginRepository] Plugin C# [csharp] installed
2016.10.08 16:06:31 INFO  web[o.s.s.p.ServerPluginRepository] Plugin Java [java] installed
2016.10.08 16:06:31 INFO  web[o.s.s.p.ServerPluginRepository] Plugin JavaScript [javascript] installed
2016.10.08 16:06:31 INFO  web[o.s.s.p.ServerPluginRepository] Plugin Git [scmgit] installed
2016.10.08 16:06:31 INFO  web[o.s.s.p.ServerPluginRepository] Plugin SVN [scmsvn] installed
2016.10.08 16:06:31 INFO  web[o.s.s.p.ServerPluginRepository] Deploy plugin C# / 5.0 / 17ddb09047940791828dcb70c9e225f006ab11aa
2016.10.08 16:06:31 INFO  web[o.s.s.p.ServerPluginRepository] Deploy plugin Git / 1.2 / a713dd64daf8719ba4e7f551f9a1966c62690c17
2016.10.08 16:06:31 INFO  web[o.s.s.p.ServerPluginRepository] Deploy plugin Java / 3.13.1 / cf0f0c950ba3e83a87c7fe11c6ff7e63f4864bd9
2016.10.08 16:06:31 INFO  web[o.s.s.p.ServerPluginRepository] Deploy plugin JavaScript / 2.11 / a9b1afa9ceef7079811779d9efc5f8026acb1400
2016.10.08 16:06:31 INFO  web[o.s.s.p.ServerPluginRepository] Deploy plugin SVN / 1.3 / aff503d48bc77b07c2b62abf93249d0a20bd355c
2016.10.08 16:06:32 INFO  web[o.s.s.d.m.DatabaseMigrator] Create database
2016.10.08 16:06:32 INFO  web[o.s.s.p.RailsAppsDeployer] Deploying Ruby on Rails applications
2016.10.08 16:06:33 INFO  web[o.s.s.p.UpdateCenterClient] Update center: https://update.sonarsource.org/update-center.properties (no proxy)
2016.10.08 16:06:33 INFO  web[o.s.s.e.IndexCreator] Create index tests
2016.10.08 16:06:34 INFO   es[o.e.cluster.metadata]  [sonar-1475913976091] [tests] creating index, cause [api], templates [], shards [5]/[0], mappings []
2016.10.08 16:06:35 INFO  web[o.s.s.e.IndexCreator] Create type tests/test
2016.10.08 16:06:35 INFO   es[o.e.cluster.metadata]  [sonar-1475913976091] [tests] create_mapping [test]
2016.10.08 16:06:36 INFO  web[o.s.s.e.IndexCreator] Create index activities
2016.10.08 16:06:36 INFO   es[o.e.cluster.metadata]  [sonar-1475913976091] [activities] creating index, cause [api], templates [], shards [5]/[0], mappings []
2016.10.08 16:06:36 INFO  web[o.s.s.e.IndexCreator] Create type activities/activity
2016.10.08 16:06:36 INFO   es[o.e.cluster.metadata]  [sonar-1475913976091] [activities] create_mapping [activity]
2016.10.08 16:06:36 INFO  web[o.s.s.e.IndexCreator] Create index rules
2016.10.08 16:06:36 INFO   es[o.e.cluster.metadata]  [sonar-1475913976091] [rules] creating index, cause [api], templates [], shards [5]/[0], mappings []
2016.10.08 16:06:38 INFO  web[o.s.s.e.IndexCreator] Create type rules/activeRule
2016.10.08 16:06:38 INFO   es[o.e.cluster.metadata]  [sonar-1475913976091] [rules] create_mapping [activeRule]
2016.10.08 16:06:38 INFO  web[o.s.s.e.IndexCreator] Create type rules/rule
2016.10.08 16:06:38 INFO   es[o.e.cluster.metadata]  [sonar-1475913976091] [rules] create_mapping [rule]
2016.10.08 16:06:38 INFO  web[o.s.s.e.IndexCreator] Create index issues
2016.10.08 16:06:38 INFO   es[o.e.cluster.metadata]  [sonar-1475913976091] [issues] creating index, cause [api], templates [], shards [5]/[0], mappings []
2016.10.08 16:06:39 INFO  web[o.s.s.e.IndexCreator] Create type issues/authorization
2016.10.08 16:06:39 INFO   es[o.e.cluster.metadata]  [sonar-1475913976091] [issues] create_mapping [authorization]
2016.10.08 16:06:39 INFO  web[o.s.s.e.IndexCreator] Create type issues/issue
2016.10.08 16:06:39 INFO   es[o.e.cluster.metadata]  [sonar-1475913976091] [issues] create_mapping [issue]
2016.10.08 16:06:39 INFO  web[o.s.s.e.IndexCreator] Create index users
2016.10.08 16:06:39 INFO   es[o.e.cluster.metadata]  [sonar-1475913976091] [users] creating index, cause [api], templates [], shards [5]/[0], mappings []
2016.10.08 16:06:40 INFO  web[o.s.s.e.IndexCreator] Create type users/user
2016.10.08 16:06:40 INFO   es[o.e.cluster.metadata]  [sonar-1475913976091] [users] create_mapping [user]
2016.10.08 16:06:40 INFO  web[o.s.s.e.IndexCreator] Create index views
2016.10.08 16:06:40 INFO   es[o.e.cluster.metadata]  [sonar-1475913976091] [views] creating index, cause [api], templates [], shards [5]/[0], mappings []
2016.10.08 16:06:41 INFO  web[o.s.s.e.IndexCreator] Create type views/view
2016.10.08 16:06:41 INFO   es[o.e.cluster.metadata]  [sonar-1475913976091] [views] create_mapping [view]
2016.10.08 16:06:41 INFO  web[o.s.s.n.NotificationService] Notification service started (delay 60 sec.)
2016.10.08 16:06:41 INFO  web[o.s.s.s.RegisterMetrics] Register metrics
2016.10.08 16:06:41 INFO  web[o.s.s.r.RegisterRules] Register rules
2016.10.08 16:06:48 INFO  web[o.s.s.q.RegisterQualityProfiles] Register quality profiles
2016.10.08 16:06:49 INFO  web[o.s.s.q.RegisterQualityProfiles] Register profile {lang=cs, name=Sonar way}
2016.10.08 16:06:50 INFO  web[o.s.s.q.RegisterQualityProfiles] Set default cs profile: Sonar way
2016.10.08 16:06:50 INFO  web[o.s.s.q.RegisterQualityProfiles] Register profile {lang=java, name=Sonar way}
2016.10.08 16:06:52 INFO  web[o.s.s.q.RegisterQualityProfiles] Set default java profile: Sonar way
2016.10.08 16:06:52 INFO  web[o.s.s.q.RegisterQualityProfiles] Register profile {lang=js, name=Sonar way}
2016.10.08 16:06:52 INFO  web[o.s.s.q.RegisterQualityProfiles] Register profile {lang=js, name=Sonar Security Way}
2016.10.08 16:06:52 INFO  web[o.s.s.q.RegisterQualityProfiles] Set default js profile: Sonar way
2016.10.08 16:06:53 INFO  web[o.s.s.s.RegisterNewMeasureFilters] Register measure filters
2016.10.08 16:06:53 INFO  web[o.s.s.s.RegisterNewMeasureFilters] Register measure filter: Projects
2016.10.08 16:06:53 INFO  web[o.s.s.s.RegisterNewMeasureFilters] Register measure filter: My favourites
2016.10.08 16:06:53 INFO  web[o.s.s.s.RegisterDashboards] Register dashboards
2016.10.08 16:06:53 INFO  web[o.s.s.s.RegisterDashboards] Register dashboard: Custom
2016.10.08 16:06:53 INFO  web[o.s.s.s.RegisterDashboards] Register dashboard: Home
2016.10.08 16:06:53 INFO  web[o.s.s.s.RegisterPermissionTemplates] Register permission templates
2016.10.08 16:06:53 INFO  web[o.s.s.s.RenameDeprecatedPropertyKeys] Rename deprecated property keys
2016.10.08 16:06:53 INFO  web[o.s.s.s.RenameIssueWidgets] Replacing issue related widgets with issue filter widgets
2016.10.08 16:06:54 INFO  web[o.s.s.e.IndexerStartupTask] Index activities
2016.10.08 16:06:54 INFO   es[o.e.cluster.metadata]  [sonar-1475913976091] [activities] update_mapping [activity] (dynamic)
2016.10.08 16:06:54 INFO   es[o.e.cluster.metadata]  [sonar-1475913976091] [activities] update_mapping [activity] (dynamic)
2016.10.08 16:06:55 INFO   es[o.e.cluster.metadata]  [sonar-1475913976091] [activities] update_mapping [activity] (dynamic)
2016.10.08 16:06:55 INFO   es[o.e.cluster.metadata]  [sonar-1475913976091] [activities] update_mapping [activity] (dynamic)
2016.10.08 16:06:55 INFO  web[o.s.s.e.IndexerStartupTask] Index issues
2016.10.08 16:06:55 INFO  web[o.s.s.e.IndexerStartupTask] Index tests
2016.10.08 16:06:55 INFO  web[o.s.s.e.IndexerStartupTask] Index users
2016.10.08 16:06:55 INFO  web[o.s.s.e.IndexerStartupTask] Index views
2016.10.08 16:06:55 INFO  web[jruby.rack] jruby 1.7.9 (ruby-1.8.7p370) 2013-12-06 87b108a on Java HotSpot(TM) 64-Bit Server VM 1.8.0_66-b18 [Windows 7-amd64]
2016.10.08 16:06:55 INFO  web[jruby.rack] using a shared (threadsafe!) runtime
2016.10.08 16:07:07 INFO  web[jruby.rack] keeping custom (config.logger) Rails logger instance
2016.10.08 16:07:07 INFO  web[o.s.s.p.MasterServletFilter] Initializing servlet filter org.sonar.server.authentication.InitFilter@5853a6ee [pattern=/sessions/init/*]
2016.10.08 16:07:07 INFO  web[o.s.s.p.MasterServletFilter] Initializing servlet filter org.sonar.server.authentication.OAuth2CallbackFilter@55d5c977 [pattern=/oauth2/callback/*]
2016.10.08 16:07:08 INFO  web[o.a.c.h.Http11NioProtocol] Starting ProtocolHandler ["http-nio-0.0.0.0-8888"]
2016.10.08 16:07:08 INFO  web[o.s.s.a.TomcatAccessLog] Web server is started
2016.10.08 16:07:08 INFO  web[o.s.s.a.EmbeddedTomcat] HTTP connector enabled on port 8888
2016.10.08 16:07:08 INFO  app[o.s.p.m.Monitor] Process[web] is up
2016.10.08 16:07:08 INFO  app[o.s.p.m.JavaProcessLauncher] Launch process[ce]: C:\Program Files\Java\jdk1.8.0_66\jre\bin\java -Djava.awt.headless=true -Dfile.encoding=UTF-8 -Xmx512m -Xms128m -XX:+HeapDumpOnOutOfMemoryError -Djava.net.preferIPv4Stack=true -Djava.io.tmpdir=D:\01_opensource\programmes\sonarqube-5.6.3\temp -javaagent:C:\Program Files\Java\jdk1.8.0_66\jre\lib\management-agent.jar -cp ./lib/common/*;./lib/server/*;./lib/ce/*;D:\01_opensource\programmes\sonarqube-5.6.3\lib\jdbc\h2\h2-1.3.176.jar org.sonar.ce.app.CeServer D:\01_opensource\programmes\sonarqube-5.6.3\temp\sq-process1527580683359371896properties
2016.10.08 16:07:10 INFO  ce[o.s.p.ProcessEntryPoint] Starting ce
2016.10.08 16:07:10 INFO  ce[o.s.ce.app.CeServer] Compute Engine starting up...
2016.10.08 16:07:11 INFO  ce[o.s.s.p.ServerImpl] SonarQube Server / 5.6.3 / 3fcc98a73d6afb99388e39f46272909a6d6600b2
2016.10.08 16:07:11 INFO  ce[o.sonar.db.Database] Create JDBC data source for jdbc:h2:tcp://localhost:9092/sonar
2016.10.08 16:07:11 WARN  ce[o.s.d.DatabaseChecker] H2 database should be used for evaluation purpose only
2016.10.08 16:07:12 INFO  ce[o.s.s.p.DefaultServerFileSystem] SonarQube home: D:\01_opensource\programmes\sonarqube-5.6.3
2016.10.08 16:07:12 INFO  ce[o.e.plugins] [sonar-1475913976091] loaded [], sites []
2016.10.08 16:07:13 INFO  ce[o.s.c.c.CePluginRepository] Load plugins
2016.10.08 16:07:14 INFO  ce[o.s.s.c.q.PurgeCeActivities] Delete the Compute Engine tasks created before Mon Apr 11 16:07:14 CST 2016
2016.10.08 16:07:14 INFO  ce[o.s.ce.app.CeServer] Compute Engine is up
2016.10.08 16:07:14 INFO  app[o.s.p.m.Monitor] Process[ce] is up
CTRL-C trapped.  Shutting down.
CTRL-C trapped.  Forcing immediate shutdown.
JVM did not exit on request, terminated
CTRL-C trapped.  Forcing immediate shutdown.
CTRL-C trapped.  Forcing immediate shutdown.
CTRL-C trapped.  Forcing immediate shutdown.
<-- Wrapper Stopped
